[02:44:32] [ServerMain/INFO]: Environment: authHost='https://authserver.mojang.com', accountsHost='https://api.mojang.com', sessionHost='https://sessionserver.mojang.com', servicesHost='https://api.minecraftservices.com', name='PROD'
[02:44:36] [ServerMain/INFO]: Loaded 7 recipes
[02:44:36] [ServerMain/INFO]: Loaded 1633 advancements
[02:44:37] [Server thread/INFO]: Starting minecraft server version 1.20.1
[02:44:37] [Server thread/INFO]: Loading properties
[02:44:37] [Server thread/INFO]: Default game type: SURVIVAL
[02:44:37] [Server thread/INFO]: Generating keypair
[02:44:37] [Server thread/INFO]: Starting Minecraft server on *:25565
[02:44:37] [Server thread/INFO]: Using epoll channel type
[02:44:38] [Server thread/WARN]: **** SERVER IS RUNNING IN OFFLINE/INSECURE MODE!
[02:44:38] [Server thread/WARN]: The server will make no attempt to authenticate usernames. Beware.
[02:44:38] [Server thread/WARN]: While this makes the game possible to play without internet access, it also opens up the ability for hackers to connect with any username they choose.
[02:44:38] [Server thread/WARN]: To change this, set "online-mode" to "true" in the server.properties file.
[02:44:38] [Server thread/INFO]: Preparing level "world"
[02:44:38] [Server thread/INFO]: Preparing start region for dimension minecraft:overworld
[02:44:42] [Worker-Main-3/INFO]: Preparing spawn area: 0%
[02:44:42] [Worker-Main-1/INFO]: Preparing spawn area: 0%
[02:44:42] [Worker-Main-2/INFO]: Preparing spawn area: 0%
[02:44:42] [Worker-Main-1/INFO]: Preparing spawn area: 0%
[02:44:42] [Worker-Main-2/INFO]: Preparing spawn area: 0%
[02:44:42] [Worker-Main-2/INFO]: Preparing spawn area: 0%
[02:44:42] [Worker-Main-2/INFO]: Preparing spawn area: 0%
[02:44:42] [Worker-Main-2/INFO]: Preparing spawn area: 0%
[02:44:42] [Worker-Main-2/INFO]: Preparing spawn area: 0%
[02:44:42] [Worker-Main-2/INFO]: Preparing spawn area: 0%
[02:44:43] [Worker-Main-2/INFO]: Preparing spawn area: 36%
[02:44:43] [Worker-Main-1/INFO]: Preparing spawn area: 90%
[02:44:43] [Server thread/INFO]: Time elapsed: 5570 ms
[02:44:43] [Server thread/INFO]: Done (5.760s)! For help, type "help"
[02:44:46] [Server thread/WARN]: Can't keep up! Is the server overloaded? Running 2059ms or 41 ticks behind
[02:44:49] [Server thread/WARN]: UUID of added entity already exists: bxe['Piglin'/31, l='ServerLevel[§c§lRagecraft IV: §r§6Underworld §7- §eheliceo §7| §3Suso]', x=659.50, y=5.00, z=508.50]
[02:44:49] [Server thread/WARN]: UUID of added entity already exists: bga['Marker'/37, l='ServerLevel[§c§lRagecraft IV: §r§6Underworld §7- §eheliceo §7| §3Suso]', x=29999999.50, y=100.00, z=27115050.50]
[02:44:56] [Server thread/INFO]: TioSkrollex[/127.54.56.198:48915] logged in with entity id 57 at (410.95908284482385, 51.0, -847.5650609998389)
[02:44:56] [Server thread/INFO]: TioSkrollex joined the game
[02:47:04] [Server thread/INFO]: Named entity bvo['Rage Creeper'/385, l='ServerLevel[§c§lRagecraft IV: §r§6Underworld §7- §eheliceo §7| §3Suso]', x=369.22, y=43.18, z=-859.50] died: Rage Creeper was shot by TioSkrollex using [Harbinger of Pain]
[02:47:25] [Server thread/INFO]: Named entity bvo['Rage Creeper'/384, l='ServerLevel[§c§lRagecraft IV: §r§6Underworld §7- §eheliceo §7| §3Suso]', x=359.41, y=45.00, z=-867.77] died: Rage Creeper was shot by TioSkrollex using [Harbinger of Pain]
[02:47:27] [Server thread/INFO]: Named entity bvo['Rage Creeper'/386, l='ServerLevel[§c§lRagecraft IV: §r§6Underworld §7- §eheliceo §7| §3Suso]', x=354.21, y=43.50, z=-867.13] died: Rage Creeper was shot by TioSkrollex using [Harbinger of Pain]
[02:47:30] [Server thread/INFO]: Danielcf37[/127.133.49.52:60123] logged in with entity id 465 at (21.295216657809593, 173.16860411500136, 303.5275271141184)
[02:47:30] [Server thread/INFO]: Danielcf37 joined the game
[02:47:50] [Server thread/INFO]: Named entity bxe['Piglin Bandit'/391, l='ServerLevel[§c§lRagecraft IV: §r§6Underworld §7- §eheliceo §7| §3Suso]', x=356.46, y=40.00, z=-868.49] died: Piglin Bandit was shot by TioSkrollex using [Harbinger of Pain]
[02:48:13] [Server thread/INFO]: Named entity bxe['Piglin Bandit'/390, l='ServerLevel[§c§lRagecraft IV: §r§6Underworld §7- §eheliceo §7| §3Suso]', x=355.79, y=40.18, z=-868.51] died: Piglin Bandit was shot by TioSkrollex using [Harbinger of Pain]
[02:48:33] [Server thread/INFO]: Named entity bvo['Rage Creeper'/622, l='ServerLevel[§c§lRagecraft IV: §r§6Underworld §7- §eheliceo §7| §3Suso]', x=355.58, y=44.00, z=-893.73] died: Rage Creeper was shot by TioSkrollex using [Harbinger of Pain]
[02:48:38] [Server thread/INFO]: Named entity bvo['Rage Creeper'/443, l='ServerLevel[§c§lRagecraft IV: §r§6Underworld §7- §eheliceo §7| §3Suso]', x=359.72, y=42.00, z=-891.62] died: Rage Creeper was shot by TioSkrollex using [Harbinger of Pain]
[02:48:42] [Server thread/INFO]: Named entity bxe['Piglin Bandit'/625, l='ServerLevel[§c§lRagecraft IV: §r§6Underworld §7- §eheliceo §7| §3Suso]', x=359.55, y=42.00, z=-891.58] died: Piglin Bandit was shot by TioSkrollex using [Harbinger of Pain]
[02:49:50] [Server thread/WARN]: Unable to load item from: {id:"minecraft:air"}
[02:49:50] [Server thread/WARN]: Unable to load item from: {id:"minecraft:air"}
[02:49:50] [Server thread/WARN]: Unable to load item from: {id:"minecraft:air"}
[02:50:08] [Server thread/WARN]: Unable to load item from: {Count:1b,id:"minecraft:air"}
[02:50:08] [Server thread/WARN]: Unable to load item from: {Count:1b,id:"minecraft:air"}
[02:50:08] [Server thread/WARN]: Unable to load item from: {Count:1b,id:"minecraft:air"}
[02:50:23] [Server thread/WARN]: Unable to load item from: {id:"minecraft:air"}
[02:50:23] [Server thread/WARN]: Unable to load item from: {id:"minecraft:air"}
[02:50:23] [Server thread/WARN]: Unable to load item from: {id:"minecraft:air"}
[02:50:26] [Server thread/WARN]: Unable to load item from: {Count:1b,id:"minecraft:air"}
[02:50:26] [Server thread/WARN]: Unable to load item from: {Count:1b,id:"minecraft:air"}
[02:50:26] [Server thread/WARN]: Unable to load item from: {Count:1b,id:"minecraft:air"}
[02:50:41] [Server thread/INFO]: Named entity bxe['Piglin Bandit'/1180, l='ServerLevel[§c§lRagecraft IV: §r§6Underworld §7- §eheliceo §7| §3Suso]', x=378.74, y=39.00, z=-897.66] died: Piglin Bandit was burnt to a crisp whilst fighting TioSkrollex
[02:50:43] [Server thread/INFO]: Named entity bxe['Piglin Bandit'/1178, l='ServerLevel[§c§lRagecraft IV: §r§6Underworld §7- §eheliceo §7| §3Suso]', x=374.60, y=39.00, z=-895.49] died: Piglin Bandit was slain by TioSkrollex using [Phantom's Obsidian Spike of Evisceration]
